
**** Build of configuration Nios II for project hello ****

make all 
   3169 [main] sh 3384 find_fast_cwd: WARNING: Couldn't compute FAST_CWD pointer.  Please report this problem to
the public mailing list cygwin@cygwin.com
      2 [main] sh 4192 find_fast_cwd: WARNING: Couldn't compute FAST_CWD pointer.  Please report this problem to
the public mailing list cygwin@cygwin.com
      2 [main] echo 5808 find_fast_cwd: WARNING: Couldn't compute FAST_CWD pointer.  Please report this problem to
the public mailing list cygwin@cygwin.com
Info: Building ../hello_bsp/
make --no-print-directory -C ../hello_bsp/
      2 [main] pwd 4488 find_fast_cwd: WARNING: Couldn't compute FAST_CWD pointer.  Please report this problem to
the public mailing list cygwin@cygwin.com
      2 [main] sh 7280 find_fast_cwd: WARNING: Couldn't compute FAST_CWD pointer.  Please report this problem to
the public mailing list cygwin@cygwin.com
      2 [main] sh 9780 find_fast_cwd: WARNING: Couldn't compute FAST_CWD pointer.  Please report this problem to
the public mailing list cygwin@cygwin.com
[BSP build complete]
      2 [main] echo 1604 find_fast_cwd: WARNING: Couldn't compute FAST_CWD pointer.  Please report this problem to
Info: Compiling hello_world_small.c to obj/default/hello_world_small.o
the public mailing list cygwin@cygwin.com
   2229 [main] mkdir 9992 find_fast_cwd: WARNING: Couldn't compute FAST_CWD pointer.  Please report this problem to
the public mailing list cygwin@cygwin.com
nios2-elf-gcc -xc -MP -MMD -c -I../hello_bsp//HAL/inc -I../hello_bsp/ -I../hello_bsp//drivers/inc  -DSYSTEM_BUS_WIDTH=32 -pipe -D__hal__ -DALT_NO_C_PLUS_PLUS -DALT_NO_CLEAN_EXIT -DALT_NO_EXIT -DALT_USE_DIRECT_DRIVERS -DALT_NO_INSTRUCTION_EMULATION -DALT_USE_SMALL_DRIVERS -DSMALL_C_LIB -DALT_SINGLE_THREADED    -Os -g -Wall   -EL -mno-hw-div -mno-hw-mul -mno-hw-mulx  -o obj/default/hello_world_small.o hello_world_small.c
      2 [main] true 8668 find_fast_cwd: WARNING: Couldn't compute FAST_CWD pointer.  Please report this problem to
the public mailing list cygwin@cygwin.com
      3 [main] echo 4032 find_fast_cwd: WARNING: Couldn't compute FAST_CWD pointer.  Please report this problem to
the public mailing list cygwin@cygwin.com
Info: Linking hello.elf
nios2-elf-g++  -T'../hello_bsp//linker.x' -msys-crt0='../hello_bsp//obj/HAL/src/crt0.o' -msys-lib=hal_bsp -L../hello_bsp/  -Wl,--defsym,exit=_exit -msmallc  -Wl,-Map=hello.map   -Os -g -Wall   -EL -mno-hw-div -mno-hw-mul -mno-hw-mulx  -o hello.elf obj/default/hello_world_small.o -lm 
nios2-elf-insert hello.elf --thread_model hal --cpu_name nios2_qsys_0 --qsys true --simulation_enabled false --id 21761 --sidp 0x9048 --timestamp 1631183954 --stderr_dev uart_0 --stdin_dev uart_0 --stdout_dev uart_0 --sopc_system_name nios --quartus_project_dir "C:/TEMP" --sopcinfo C:/TEMP/nios.sopcinfo
   7154 [main] sh 7720 find_fast_cwd: WARNING: Couldn't compute FAST_CWD pointer.  Please report this problem to
the public mailing list cygwin@cygwin.com
      1 [main] uname 4544 find_fast_cwd: WARNING: Couldn't compute FAST_CWD pointer.  Please report this problem to
the public mailing list cygwin@cygwin.com
      2 [main] sh 8624 find_fast_cwd: WARNING: Couldn't compute FAST_CWD pointer.  Please report this problem to
the public mailing list cygwin@cygwin.com
Info: (hello.elf) 1428 Bytes program size (code + initialized data).
Info:             6652 Bytes free for stack + heap.
      2 [main] echo 7272 find_fast_cwd: WARNING: Couldn't compute FAST_CWD pointer.  Please report this problem to
the public mailing list cygwin@cygwin.com
Info: Creating hello.objdump
nios2-elf-objdump --disassemble --syms --all-header --source hello.elf >hello.objdump
   2395 [main] sh 10772 find_fast_cwd: WARNING: Couldn't compute FAST_CWD pointer.  Please report this problem to
the public mailing list cygwin@cygwin.com
      4 [main] sh 5680 find_fast_cwd: WARNING: Couldn't compute FAST_CWD pointer.  Please report this problem to
the public mailing list cygwin@cygwin.com
[hello build complete]

**** Build Finished ****
